# KERNEL: UVM_INFO /home/build/vlib1/vlib/uvm-1.2/src/base/uvm_root.svh(392) @ 0: reporter [UVM/RELNOTES] 
# KERNEL: ----------------------------------------------------------------
# KERNEL: UVM-1.2
# KERNEL: (C) 2007-2014 Mentor Graphics Corporation
# KERNEL: (C) 2007-2014 Cadence Design Systems, Inc.
# KERNEL: (C) 2006-2014 Synopsys, Inc.
# KERNEL: (C) 2011-2013 Cypress Semiconductor Corp.
# KERNEL: (C) 2013-2014 NVIDIA Corporation
# KERNEL: ----------------------------------------------------------------
# KERNEL: 
# KERNEL:   ***********       IMPORTANT RELEASE NOTES         ************
# KERNEL: 
# KERNEL:   You are using a version of the UVM library that has been compiled
# KERNEL:   with `UVM_NO_DEPRECATED undefined.
# KERNEL:   See http://www.eda.org/svdb/view.php?id=3313 for more details.
# KERNEL: 
# KERNEL:   You are using a version of the UVM library that has been compiled
# KERNEL:   with `UVM_OBJECT_DO_NOT_NEED_CONSTRUCTOR undefined.
# KERNEL:   See http://www.eda.org/svdb/view.php?id=3770 for more details.
# KERNEL: 
# KERNEL:       (Specify +UVM_NO_RELNOTES to turn off this notice)
# KERNEL: 
# KERNEL: ASDB file was created in location /home/runner/dataset.asdb
run -all;
# KERNEL: UVM_INFO @ 0: reporter [RNTST] Running test base_test...
# KERNEL: UVM_INFO /home/build/vlib1/vlib/uvm-1.2/src/base/uvm_root.svh(583) @ 0: reporter [UVMTOP] UVM testbench topology:
# KERNEL: ------------------------------------------------------------
# KERNEL: Name                     Type                    Size  Value
# KERNEL: ------------------------------------------------------------
# KERNEL: uvm_test_top             base_test               -     @335 
# KERNEL:   m_top_env              my_env                  -     @348 
# KERNEL:     m_drv0               my_driver               -     @357 
# KERNEL:       rsp_port           uvm_analysis_port       -     @376 
# KERNEL:       seq_item_port      uvm_seq_item_pull_port  -     @366 
# KERNEL:     m_seqr0              uvm_sequencer           -     @386 
# KERNEL:       rsp_export         uvm_analysis_export     -     @395 
# KERNEL:       seq_item_export    uvm_seq_item_pull_imp   -     @513 
# KERNEL:       arbitration_queue  array                   0     -    
# KERNEL:       lock_queue         array                   0     -    
# KERNEL:       num_last_reqs      integral                32    'd1  
# KERNEL:       num_last_rsps      integral                32    'd1  
# KERNEL: ------------------------------------------------------------
# KERNEL: 
# RUNTIME: Warning: RUNTIME_0232 uvm_tr_stream.svh (418): Non-existent associative array entry. Returning default value.
# KERNEL: Time: 0 ns,  Iteration: 106,  Instance: /\package uvm_1_2.uvm_pkg\/uvm_task_phase,  Process: @INTERNAL#143_0@.
# KERNEL: UVM_INFO /home/runner/testbench.sv(70) @ 0: uvm_test_top.m_top_env.m_drv0 [my_driver] Waiting for data from sequencer
# KERNEL: UVM_INFO /home/runner/testbench.sv(94) @ 0: uvm_test_top.m_top_env.m_seqr0@@base_seq [BASE_SEQ] Starting body of base_seq
# KERNEL: data_obj: (my_data@570) {
# KERNEL:   data: 'h3c 
# KERNEL:   addr: 'h3 
# KERNEL:   begin_time: 0 
# KERNEL:   depth: 'd2 
# KERNEL:   parent sequence (name): base_seq 
# KERNEL:   parent sequence (full name): uvm_test_top.m_top_env.m_seqr0.base_seq 
# KERNEL:   sequencer: uvm_test_top.m_top_env.m_seqr0 
# KERNEL: }
# KERNEL: UVM_INFO /home/runner/testbench.sv(70) @ 0: uvm_test_top.m_top_env.m_drv0 [my_driver] Waiting for data from sequencer
# KERNEL: data_obj: (my_data@570) {
# KERNEL:   data: 'hf1 
# KERNEL:   addr: 'h5 
# KERNEL:   begin_time: 0 
# KERNEL:   depth: 'd2 
# KERNEL:   parent sequence (name): base_seq 
# KERNEL:   parent sequence (full name): uvm_test_top.m_top_env.m_seqr0.base_seq 
# KERNEL:   sequencer: uvm_test_top.m_top_env.m_seqr0 
# KERNEL: }
# KERNEL: UVM_INFO /home/runner/testbench.sv(70) @ 0: uvm_test_top.m_top_env.m_drv0 [my_driver] Waiting for data from sequencer
# KERNEL: data_obj: (my_data@570) {
# KERNEL:   data: 'h5b 
# KERNEL:   addr: 'h6 
# KERNEL:   begin_time: 0 
# KERNEL:   depth: 'd2 
# KERNEL:   parent sequence (name): base_seq 
# KERNEL:   parent sequence (full name): uvm_test_top.m_top_env.m_seqr0.base_seq 
# KERNEL:   sequencer: uvm_test_top.m_top_env.m_seqr0 
# KERNEL: }
# KERNEL: UVM_INFO /home/runner/testbench.sv(70) @ 0: uvm_test_top.m_top_env.m_drv0 [my_driver] Waiting for data from sequencer
# KERNEL: data_obj: (my_data@570) {
# KERNEL:   data: 'h7a 
# KERNEL:   addr: 'h1 
# KERNEL:   begin_time: 0 
# KERNEL:   depth: 'd2 
# KERNEL:   parent sequence (name): base_seq 
# KERNEL:   parent sequence (full name): uvm_test_top.m_top_env.m_seqr0.base_seq 
# KERNEL:   sequencer: uvm_test_top.m_top_env.m_seqr0 
# KERNEL: }
# KERNEL: UVM_INFO /home/runner/testbench.sv(70) @ 0: uvm_test_top.m_top_env.m_drv0 [my_driver] Waiting for data from sequencer
# KERNEL: data_obj: (my_data@570) {
# KERNEL:   data: 'h4e 
# KERNEL:   addr: 'h5 
# KERNEL:   begin_time: 0 
# KERNEL:   depth: 'd2 
# KERNEL:   parent sequence (name): base_seq 
# KERNEL:   parent sequence (full name): uvm_test_top.m_top_env.m_seqr0.base_seq 
# KERNEL:   sequencer: uvm_test_top.m_top_env.m_seqr0 
# KERNEL: }
# KERNEL: UVM_INFO /home/runner/testbench.sv(70) @ 0: uvm_test_top.m_top_env.m_drv0 [my_driver] Waiting for data from sequencer
# KERNEL: UVM_INFO /home/runner/testbench.sv(102) @ 0: uvm_test_top.m_top_env.m_seqr0@@base_seq [base_sequence] Sequence base_seq is over
# KERNEL: UVM_INFO /home/build/vlib1/vlib/uvm-1.2/src/base/uvm_report_server.svh(855) @ 0: reporter [UVM/REPORT/SERVER] 
# KERNEL: --- UVM Report Summary ---
# KERNEL: 
# KERNEL: ** Report counts by severity
# KERNEL: UVM_INFO :   11
# KERNEL: UVM_WARNING :    0
# KERNEL: UVM_ERROR :    0
# KERNEL: UVM_FATAL :    0
# KERNEL: ** Report counts by id
# KERNEL: [BASE_SEQ]     1
# KERNEL: [RNTST]     1
# KERNEL: [UVM/RELNOTES]     1
# KERNEL: [UVMTOP]     1
# KERNEL: [base_sequence]     1
# KERNEL: [my_driver]     6
# KERNEL: 
# RUNTIME: Info: RUNTIME_0068 uvm_root.svh (521): $finish called.
