----------------------------------------------------------------
UVM_INFO @ 0: reporter [RNTST] Running test base_test...
UVM_INFO ./tb_top.sv(51) @ 0: uvm_test_top.m_top_env [CHECK] Component A Type = comp_v2
UVM_INFO ./tb_top.sv(52) @ 0: uvm_test_top.m_top_env [CHECK] Component B Type = comp_v2
UVM_INFO @ 0: reporter [UVMTOP] UVM testbench topology:
------------------------------------
Name          Type       Size  Value
------------------------------------
uvm_test_top  base_test  -     @2593
  m_top_env   my_env     -     @2659
    mycomp_a  comp_v2    -     @2693
    mycomp_b  comp_v2    -     @2723
------------------------------------


#### Factory Configuration (*)

No instance overrides are registered with this factory

Type Overrides:

  Requested Type  Override Type
  --------------  -------------
  comp_v1         comp_v2

All types registered with the factory: 40 total
(types without type names will not be printed)

  Type Name
  ---------
  base_test
  comp_v1
  comp_v2
  my_env
(*) Types with no associated type name will be printed as <unknown>

####

UVM_INFO ./tb_top.sv(31) @ 0: uvm_test_top.m_top_env.mycomp_b [] This is comp_v2 ...
UVM_INFO ./tb_top.sv(31) @ 0: uvm_test_top.m_top_env.mycomp_a [] This is comp_v2 ...

--- UVM Report catcher Summary ---


Number of demoted UVM_FATAL reports  :    0
Number of demoted UVM_ERROR reports  :    0
Number of demoted UVM_WARNING reports:    0
Number of caught UVM_FATAL reports   :    0
Number of caught UVM_ERROR reports   :    0
Number of caught UVM_WARNING reports :    0

--- UVM Report Summary ---

** Report counts by severity
UVM_INFO :    6
UVM_WARNING :    0
UVM_ERROR :    0
UVM_FATAL :    0
** Report counts by id
[]     2
[CHECK]     2
[RNTST]     1
[UVMTOP]     1
Simulation complete via $finish(1) at time 0 FS + 179
