----------------------------------------------------------------
UVM_INFO @ 0: reporter [RNTST] Running test base_test...
UVM_INFO @ 0: reporter [UVMTOP] UVM testbench topology:
------------------------------------------------------------
Name                     Type                    Size  Value
------------------------------------------------------------
uvm_test_top             base_test               -     @2592
  m_top_env              my_env                  -     @2658
    m_drv0               my_driver               -     @2689
      rsp_port           uvm_analysis_port       -     @2789
      seq_item_port      uvm_seq_item_pull_port  -     @2738
    m_seqr0              uvm_sequencer           -     @2820
      rsp_export         uvm_analysis_export     -     @2880
      seq_item_export    uvm_seq_item_pull_imp   -     @3428
      arbitration_queue  array                   0     -
      lock_queue         array                   0     -
      num_last_reqs      integral                32    'd1
      num_last_rsps      integral                32    'd1
------------------------------------------------------------

UVM_INFO ./tb/my_pkg.sv(69) @ 0: uvm_test_top.m_top_env.m_drv0 [my_driver] Waiting for data from sequencer
UVM_INFO ./tb/my_pkg.sv(89) @ 0: uvm_test_top.m_top_env.m_seqr0@@m_seq [seq1] Starting body of m_seq
UVM_INFO ./tb/my_pkg.sv(71) @ 0: uvm_test_top.m_top_env.m_drv0 [DRVR] Driving data onto bus ...
-----------------------------------------------------------------------------------
Name                           Type      Size  Value
-----------------------------------------------------------------------------------
req                            my_data   -     @3546
  data                         integral  8     'h14
  addr                         integral  8     'h39
  begin_time                   time      64    0
  depth                        int       32    'd2
  parent sequence (name)       string    5     m_seq
  parent sequence (full name)  string    36    uvm_test_top.m_top_env.m_seqr0.m_seq
  sequencer                    string    30    uvm_test_top.m_top_env.m_seqr0
-----------------------------------------------------------------------------------
UVM_INFO ./tb/my_pkg.sv(69) @ 0: uvm_test_top.m_top_env.m_drv0 [my_driver] Waiting for data from sequencer
UVM_INFO ./tb/my_pkg.sv(71) @ 0: uvm_test_top.m_top_env.m_drv0 [DRVR] Driving data onto bus ...
-----------------------------------------------------------------------------------
Name                           Type      Size  Value
-----------------------------------------------------------------------------------
req                            my_data   -     @3601
  data                         integral  8     'h4e
  addr                         integral  8     'ha1
  begin_time                   time      64    0
  depth                        int       32    'd2
  parent sequence (name)       string    5     m_seq
  parent sequence (full name)  string    36    uvm_test_top.m_top_env.m_seqr0.m_seq
  sequencer                    string    30    uvm_test_top.m_top_env.m_seqr0
-----------------------------------------------------------------------------------
UVM_INFO ./tb/my_pkg.sv(69) @ 0: uvm_test_top.m_top_env.m_drv0 [my_driver] Waiting for data from sequencer
UVM_INFO ./tb/my_pkg.sv(71) @ 0: uvm_test_top.m_top_env.m_drv0 [DRVR] Driving data onto bus ...
-----------------------------------------------------------------------------------
Name                           Type      Size  Value
-----------------------------------------------------------------------------------
req                            my_data   -     @3611
  data                         integral  8     'hf0
  addr                         integral  8     'h2e
  begin_time                   time      64    0
  depth                        int       32    'd2
  parent sequence (name)       string    5     m_seq
  parent sequence (full name)  string    36    uvm_test_top.m_top_env.m_seqr0.m_seq
  sequencer                    string    30    uvm_test_top.m_top_env.m_seqr0
-----------------------------------------------------------------------------------
UVM_INFO ./tb/my_pkg.sv(69) @ 0: uvm_test_top.m_top_env.m_drv0 [my_driver] Waiting for data from sequencer
UVM_INFO ./tb/my_pkg.sv(71) @ 0: uvm_test_top.m_top_env.m_drv0 [DRVR] Driving data onto bus ...
-----------------------------------------------------------------------------------
Name                           Type      Size  Value
-----------------------------------------------------------------------------------
req                            my_data   -     @3551
  data                         integral  8     'hc5
  addr                         integral  8     'h9
  begin_time                   time      64    0
  depth                        int       32    'd2
  parent sequence (name)       string    5     m_seq
  parent sequence (full name)  string    36    uvm_test_top.m_top_env.m_seqr0.m_seq
  sequencer                    string    30    uvm_test_top.m_top_env.m_seqr0
-----------------------------------------------------------------------------------
UVM_INFO ./tb/my_pkg.sv(69) @ 0: uvm_test_top.m_top_env.m_drv0 [my_driver] Waiting for data from sequencer
UVM_INFO ./tb/my_pkg.sv(95) @ 0: uvm_test_top.m_top_env.m_seqr0@@m_seq [seq1] Sequence m_seq is over

--- UVM Report catcher Summary ---


Number of demoted UVM_FATAL reports  :    0
Number of demoted UVM_ERROR reports  :    0
Number of demoted UVM_WARNING reports:    0
Number of caught UVM_FATAL reports   :    0
Number of caught UVM_ERROR reports   :    0
Number of caught UVM_WARNING reports :    0

--- UVM Report Summary ---

** Report counts by severity
UVM_INFO :   13
UVM_WARNING :    0
UVM_ERROR :    0
UVM_FATAL :    0
** Report counts by id
[DRVR]     4
[RNTST]     1
[UVMTOP]     1
[my_driver]     5
[seq1]     2
Simulation complete via $finish(1) at time 0 FS + 190
