----------------------------------------------------------------
UVM_INFO @ 0: reporter [RNTST] Running test my_test...
UVM_INFO ./tb_top.sv(18) @ 0: uvm_test_top.m_env.tmp_seqr@@my_seq [MYSEQ] Starting seq my_seq ...

--- UVM Report catcher Summary ---


Number of demoted UVM_FATAL reports  :    0
Number of demoted UVM_ERROR reports  :    0
Number of demoted UVM_WARNING reports:    0
Number of caught UVM_FATAL reports   :    0
Number of caught UVM_ERROR reports   :    0
Number of caught UVM_WARNING reports :    0

--- UVM Report Summary ---

** Report counts by severity
UVM_INFO :    2
UVM_WARNING :    0
UVM_ERROR :    0
UVM_FATAL :    0
** Report counts by id
[MYSEQ]     1
[RNTST]     1
Simulation complete via $finish(1) at time 0 FS + 187                                                                                                                                                                                     
